[0m2021.03.01 08:37:12 INFO  Started: Metals version 0.10.0 in workspace 'C:\Users\mtako\Week_3_IP' for client vscode 1.53.2.[0m
[0m2021.03.01 08:37:12 INFO  time: initialize in 0.88s[0m
[0m2021.03.01 08:37:17 WARN  Build server is not auto-connectable.[0m
[0m2021.03.01 08:37:17 WARN  no build tool detected in workspace 'C:\Users\mtako\Week_3_IP'. The most common cause for this problem is that the editor was opened in the wrong working directory, for example if you use sbt then the workspace directory should contain build.sbt. [0m
[0m2021.03.01 13:23:05 INFO  shutting down Metals[0m
[0m2021.03.01 13:24:41 INFO  Started: Metals version 0.10.0 in workspace 'C:\Users\mtako\Week_3_IP' for client vscode 1.53.2.[0m
[0m2021.03.01 13:24:44 INFO  time: initialize in 2.92s[0m
[0m2021.03.01 13:24:58 WARN  Build server is not auto-connectable.[0m
[0m2021.03.01 13:24:58 WARN  no build tool detected in workspace 'C:\Users\mtako\Week_3_IP'. The most common cause for this problem is that the editor was opened in the wrong working directory, for example if you use sbt then the workspace directory should contain build.sbt. [0m
Mar 01, 2021 1:36:05 PM org.eclipse.lsp4j.jsonrpc.services.GenericEndpoint notify
INFO: Unsupported notification method: $/setTraceNotification
Mar 01, 2021 4:28:24 PM org.eclipse.lsp4j.jsonrpc.services.GenericEndpoint notify
INFO: Unsupported notification method: $/setTraceNotification
Mar 01, 2021 4:28:24 PM org.eclipse.lsp4j.jsonrpc.services.GenericEndpoint notify
INFO: Unsupported notification method: $/setTraceNotification
Mar 01, 2021 7:53:42 PM org.eclipse.lsp4j.jsonrpc.services.GenericEndpoint notify
INFO: Unsupported notification method: $/setTraceNotification
Mar 01, 2021 7:54:11 PM org.eclipse.lsp4j.jsonrpc.services.GenericEndpoint notify
INFO: Unsupported notification method: $/setTraceNotification
[0m2021.03.03 14:13:58 INFO  Started: Metals version 0.10.0 in workspace 'C:\Users\mtako\Week_3_IP' for client vscode 1.53.2.[0m
[0m2021.03.03 14:13:58 INFO  time: initialize in 0.75s[0m
[0m2021.03.03 14:14:04 WARN  Build server is not auto-connectable.[0m
[0m2021.03.03 14:14:04 WARN  no build tool detected in workspace 'C:\Users\mtako\Week_3_IP'. The most common cause for this problem is that the editor was opened in the wrong working directory, for example if you use sbt then the workspace directory should contain build.sbt. [0m
Mar 03, 2021 2:16:54 PM org.eclipse.lsp4j.jsonrpc.services.GenericEndpoint notify
INFO: Unsupported notification method: $/setTraceNotification
Mar 03, 2021 2:44:48 PM org.eclipse.lsp4j.jsonrpc.services.GenericEndpoint notify
INFO: Unsupported notification method: $/setTraceNotification
Mar 03, 2021 2:44:48 PM org.eclipse.lsp4j.jsonrpc.services.GenericEndpoint notify
INFO: Unsupported notification method: $/setTraceNotification
Mar 03, 2021 3:25:40 PM org.eclipse.lsp4j.jsonrpc.services.GenericEndpoint notify
INFO: Unsupported notification method: $/setTraceNotification
Mar 03, 2021 3:31:55 PM org.eclipse.lsp4j.jsonrpc.services.GenericEndpoint notify
INFO: Unsupported notification method: $/setTraceNotification
Mar 03, 2021 3:31:55 PM org.eclipse.lsp4j.jsonrpc.services.GenericEndpoint notify
INFO: Unsupported notification method: $/setTraceNotification
Mar 03, 2021 3:31:55 PM org.eclipse.lsp4j.jsonrpc.services.GenericEndpoint notify
INFO: Unsupported notification method: $/setTraceNotification
Mar 03, 2021 3:39:21 PM org.eclipse.lsp4j.jsonrpc.services.GenericEndpoint notify
INFO: Unsupported notification method: $/setTraceNotification
[0m2021.03.03 23:37:17 INFO  Started: Metals version 0.10.0 in workspace 'C:\Users\mtako\Week_3_IP' for client vscode 1.53.2.[0m
[0m2021.03.03 23:37:18 INFO  time: initialize in 1.18s[0m
[0m2021.03.03 23:37:23 WARN  Build server is not auto-connectable.[0m
[0m2021.03.03 23:37:23 WARN  no build tool detected in workspace 'C:\Users\mtako\Week_3_IP'. The most common cause for this problem is that the editor was opened in the wrong working directory, for example if you use sbt then the workspace directory should contain build.sbt. [0m
Mar 03, 2021 11:37:56 PM org.eclipse.lsp4j.jsonrpc.services.GenericEndpoint notify
INFO: Unsupported notification method: $/setTraceNotification
Mar 04, 2021 12:52:18 AM org.eclipse.lsp4j.jsonrpc.services.GenericEndpoint notify
INFO: Unsupported notification method: $/setTraceNotification
Mar 04, 2021 1:05:52 AM org.eclipse.lsp4j.jsonrpc.services.GenericEndpoint notify
INFO: Unsupported notification method: $/setTraceNotification
[0m2021.03.04 08:15:38 INFO  shutting down Metals[0m
[0m2021.03.04 08:21:05 INFO  Started: Metals version 0.10.0 in workspace 'C:\Users\mtako\Week_3_IP' for client vscode 1.53.2.[0m
[0m2021.03.04 08:21:09 INFO  time: initialize in 4.65s[0m
[0m2021.03.04 08:21:10 WARN  Build server is not auto-connectable.[0m
[0m2021.03.04 08:21:10 WARN  no build tool detected in workspace 'C:\Users\mtako\Week_3_IP'. The most common cause for this problem is that the editor was opened in the wrong working directory, for example if you use sbt then the workspace directory should contain build.sbt. [0m
Mar 04, 2021 8:30:05 AM org.eclipse.lsp4j.jsonrpc.services.GenericEndpoint notify
INFO: Unsupported notification method: $/setTraceNotification
Mar 04, 2021 8:30:06 AM org.eclipse.lsp4j.jsonrpc.services.GenericEndpoint notify
INFO: Unsupported notification method: $/setTraceNotification
Mar 04, 2021 8:30:06 AM org.eclipse.lsp4j.jsonrpc.services.GenericEndpoint notify
INFO: Unsupported notification method: $/setTraceNotification
Mar 04, 2021 8:30:06 AM org.eclipse.lsp4j.jsonrpc.services.GenericEndpoint notify
INFO: Unsupported notification method: $/setTraceNotification
[0m2021.03.04 08:31:50 INFO  shutting down Metals[0m
[0m2021.03.04 08:38:18 INFO  Started: Metals version 0.10.0 in workspace 'C:\Users\mtako\Week_3_IP' for client vscode 1.53.2.[0m
[0m2021.03.04 08:38:24 INFO  time: initialize in 6.21s[0m
[0m2021.03.04 08:39:32 WARN  Build server is not auto-connectable.[0m
[0m2021.03.04 08:39:32 WARN  no build tool detected in workspace 'C:\Users\mtako\Week_3_IP'. The most common cause for this problem is that the editor was opened in the wrong working directory, for example if you use sbt then the workspace directory should contain build.sbt. [0m
Mar 04, 2021 8:39:32 AM org.eclipse.lsp4j.jsonrpc.services.GenericEndpoint notify
INFO: Unsupported notification method: $/setTraceNotification
Mar 04, 2021 8:39:32 AM org.eclipse.lsp4j.jsonrpc.services.GenericEndpoint notify
INFO: Unsupported notification method: $/setTraceNotification
Mar 04, 2021 8:39:32 AM org.eclipse.lsp4j.jsonrpc.services.GenericEndpoint notify
INFO: Unsupported notification method: $/setTraceNotification
Mar 04, 2021 8:39:32 AM org.eclipse.lsp4j.jsonrpc.services.GenericEndpoint notify
INFO: Unsupported notification method: $/setTraceNotification
Mar 04, 2021 8:39:32 AM org.eclipse.lsp4j.jsonrpc.services.GenericEndpoint notify
INFO: Unsupported notification method: $/setTraceNotification
Mar 04, 2021 8:39:32 AM org.eclipse.lsp4j.jsonrpc.services.GenericEndpoint notify
INFO: Unsupported notification method: $/setTraceNotification
Mar 04, 2021 8:39:32 AM org.eclipse.lsp4j.jsonrpc.services.GenericEndpoint notify
INFO: Unsupported notification method: $/setTraceNotification
[0m2021.03.04 08:42:21 INFO  shutting down Metals[0m
[0m2021.03.04 08:44:34 INFO  Started: Metals version 0.10.0 in workspace 'C:\Users\mtako\Week_3_IP' for client vscode 1.53.2.[0m
[0m2021.03.04 08:44:36 INFO  time: initialize in 1.5s[0m
[0m2021.03.04 08:44:38 WARN  Build server is not auto-connectable.[0m
[0m2021.03.04 08:44:38 WARN  no build tool detected in workspace 'C:\Users\mtako\Week_3_IP'. The most common cause for this problem is that the editor was opened in the wrong working directory, for example if you use sbt then the workspace directory should contain build.sbt. [0m
Mar 04, 2021 8:50:49 AM org.eclipse.lsp4j.jsonrpc.services.GenericEndpoint notify
INFO: Unsupported notification method: $/setTraceNotification
Mar 04, 2021 8:50:49 AM org.eclipse.lsp4j.jsonrpc.services.GenericEndpoint notify
INFO: Unsupported notification method: $/setTraceNotification
Mar 04, 2021 8:50:49 AM org.eclipse.lsp4j.jsonrpc.services.GenericEndpoint notify
INFO: Unsupported notification method: $/setTraceNotification
Mar 04, 2021 8:50:51 AM org.eclipse.lsp4j.jsonrpc.services.GenericEndpoint notify
INFO: Unsupported notification method: $/setTraceNotification
Mar 04, 2021 8:50:51 AM org.eclipse.lsp4j.jsonrpc.services.GenericEndpoint notify
INFO: Unsupported notification method: $/setTraceNotification
[0m2021.03.04 09:06:08 INFO  shutting down Metals[0m
[0m2021.03.10 16:49:05 INFO  Started: Metals version 0.10.0 in workspace 'C:\Users\mtako\Week_3_IP' for client vscode 1.54.1.[0m
[0m2021.03.10 16:49:05 INFO  time: initialize in 0.63s[0m
[0m2021.03.10 16:49:08 WARN  Build server is not auto-connectable.[0m
[0m2021.03.10 16:49:08 WARN  no build tool detected in workspace 'C:\Users\mtako\Week_3_IP'. The most common cause for this problem is that the editor was opened in the wrong working directory, for example if you use sbt then the workspace directory should contain build.sbt. [0m
Mar 11, 2021 2:39:15 AM org.eclipse.lsp4j.jsonrpc.services.GenericEndpoint notify
INFO: Unsupported notification method: $/setTraceNotification
[0m2021.03.11 02:40:25 INFO  shutting down Metals[0m
[0m2021.03.11 02:42:50 INFO  Started: Metals version 0.10.0 in workspace 'C:\Users\mtako\Week_3_IP' for client vscode 1.54.1.[0m
[0m2021.03.11 02:42:51 INFO  time: initialize in 1.1s[0m
[0m2021.03.11 02:42:54 WARN  Build server is not auto-connectable.[0m
[0m2021.03.11 02:42:54 WARN  no build tool detected in workspace 'C:\Users\mtako\Week_3_IP'. The most common cause for this problem is that the editor was opened in the wrong working directory, for example if you use sbt then the workspace directory should contain build.sbt. [0m
Mar 11, 2021 2:46:16 AM org.eclipse.lsp4j.jsonrpc.services.GenericEndpoint notify
INFO: Unsupported notification method: $/setTraceNotification
Mar 11, 2021 3:55:45 AM org.eclipse.lsp4j.jsonrpc.services.GenericEndpoint notify
INFO: Unsupported notification method: $/setTraceNotification
[0m2021.03.11 06:11:42 INFO  shutting down Metals[0m
[0m2021.03.11 06:28:23 INFO  Started: Metals version 0.10.0 in workspace 'C:\Users\mtako\Week_3_IP' for client vscode 1.54.1.[0m
[0m2021.03.11 06:28:24 INFO  time: initialize in 0.8s[0m
[0m2021.03.11 06:28:25 WARN  Build server is not auto-connectable.[0m
[0m2021.03.11 06:28:25 WARN  no build tool detected in workspace 'C:\Users\mtako\Week_3_IP'. The most common cause for this problem is that the editor was opened in the wrong working directory, for example if you use sbt then the workspace directory should contain build.sbt. [0m
